running egg_info
writing ../../build/image_publisher/image_publisher.egg-info/PKG-INFO
writing dependency_links to ../../build/image_publisher/image_publisher.egg-info/dependency_links.txt
writing entry points to ../../build/image_publisher/image_publisher.egg-info/entry_points.txt
writing requirements to ../../build/image_publisher/image_publisher.egg-info/requires.txt
writing top-level names to ../../build/image_publisher/image_publisher.egg-info/top_level.txt
reading manifest file '../../build/image_publisher/image_publisher.egg-info/SOURCES.txt'
adding license file 'LICENSE'
writing manifest file '../../build/image_publisher/image_publisher.egg-info/SOURCES.txt'
running build
running build_py
copying image_publisher/image_publisher.py -> /home/junchuan/nerf/street_gaussians/nodes/build/image_publisher/build/lib/image_publisher
running install
running install_lib
copying /home/junchuan/nerf/street_gaussians/nodes/build/image_publisher/build/lib/image_publisher/image_publisher.py -> /home/junchuan/nerf/street_gaussians/nodes/install/image_publisher/lib/python3.11/site-packages/image_publisher
byte-compiling /home/junchuan/nerf/street_gaussians/nodes/install/image_publisher/lib/python3.11/site-packages/image_publisher/image_publisher.py to image_publisher.cpython-311.pyc
running install_data
running install_egg_info
removing '/home/junchuan/nerf/street_gaussians/nodes/install/image_publisher/lib/python3.11/site-packages/image_publisher-0.0.0-py3.11.egg-info' (and everything under it)
Copying ../../build/image_publisher/image_publisher.egg-info to /home/junchuan/nerf/street_gaussians/nodes/install/image_publisher/lib/python3.11/site-packages/image_publisher-0.0.0-py3.11.egg-info
running install_scripts
Installing image_publisher script to /home/junchuan/nerf/street_gaussians/nodes/install/image_publisher/lib/image_publisher
writing list of installed files to '/home/junchuan/nerf/street_gaussians/nodes/build/image_publisher/install.log'
