[0.158s] [34mcolcon[0m [1;30mDEBUG[0m [32mCommand line arguments: ['/home/junchuan/miniconda3/envs/street-gaussian-ros/bin/colcon', 'build'][0m
[0.158s] [34mcolcon[0m [1;30mDEBUG[0m [32mParsed command line arguments: Namespace(log_base=None, log_level=None, verb_name='build', build_base='build', install_base='install', merge_install=False, symlink_install=False, test_result_base=None, continue_on_error=False, executor='parallel', parallel_workers=40, event_handlers=None, ignore_user_meta=False, metas=['./colcon.meta'], base_paths=['.'], packages_ignore=None, packages_ignore_regex=None, paths=None, packages_up_to=None, packages_up_to_regex=None, packages_above=None, packages_above_and_dependencies=None, packages_above_depth=None, packages_select_by_dep=None, packages_skip_by_dep=None, packages_skip_up_to=None, packages_select_build_failed=False, packages_skip_build_finished=False, packages_select_test_failures=False, packages_skip_test_passed=False, packages_select=None, packages_skip=None, packages_select_regex=None, packages_skip_regex=None, packages_start=None, packages_end=None, cmake_args=None, cmake_target=None, cmake_target_skip_unavailable=False, cmake_clean_cache=False, cmake_clean_first=False, cmake_force_configure=False, ament_cmake_args=None, catkin_cmake_args=None, catkin_skip_building_tests=False, verb_parser=<colcon_defaults.argument_parser.defaults.DefaultArgumentsDecorator object at 0x7588d105bdd0>, verb_extension=<colcon_core.verb.build.BuildVerb object at 0x7588d105b590>, main=<bound method BuildVerb.main of <colcon_core.verb.build.BuildVerb object at 0x7588d105b590>>)[0m
[0.287s] [34mcolcon.colcon_core.package_discovery[0m [1;30mLevel 1[0m discover_packages(colcon_meta) check parameters
[0.288s] [34mcolcon.colcon_core.package_discovery[0m [1;30mLevel 1[0m discover_packages(recursive) check parameters
[0.288s] [34mcolcon.colcon_core.package_discovery[0m [1;30mLevel 1[0m discover_packages(ignore) check parameters
[0.288s] [34mcolcon.colcon_core.package_discovery[0m [1;30mLevel 1[0m discover_packages(path) check parameters
[0.288s] [34mcolcon.colcon_core.package_discovery[0m [1;30mLevel 1[0m discover_packages(colcon_meta) discover
[0.288s] [34mcolcon.colcon_core.package_discovery[0m [1;30mLevel 1[0m discover_packages(recursive) discover
[0.288s] [34mcolcon.colcon_core.package_discovery[0m [1;30mINFO[0m Crawling recursively for packages in '/home/junchuan/nerf/street_gaussians/nodes'
[0.288s] [34mcolcon.colcon_core.package_identification[0m [1;30mLevel 1[0m _identify(.) by extensions ['ignore', 'ignore_ament_install']
[0.288s] [34mcolcon.colcon_core.package_identification[0m [1;30mLevel 1[0m _identify(.) by extension 'ignore'
[0.288s] [34mcolcon.colcon_core.package_identification[0m [1;30mLevel 1[0m _identify(.) by extension 'ignore_ament_install'
[0.288s] [34mcolcon.colcon_core.package_identification[0m [1;30mLevel 1[0m _identify(.) by extensions ['colcon_pkg']
[0.288s] [34mcolcon.colcon_core.package_identification[0m [1;30mLevel 1[0m _identify(.) by extension 'colcon_pkg'
[0.288s] [34mcolcon.colcon_core.package_identification[0m [1;30mLevel 1[0m _identify(.) by extensions ['colcon_meta']
[0.288s] [34mcolcon.colcon_core.package_identification[0m [1;30mLevel 1[0m _identify(.) by extension 'colcon_meta'
[0.288s] [34mcolcon.colcon_core.package_identification[0m [1;30mLevel 1[0m _identify(.) by extensions ['ros']
[0.288s] [34mcolcon.colcon_core.package_identification[0m [1;30mLevel 1[0m _identify(.) by extension 'ros'
[0.312s] [34mcolcon.colcon_core.package_identification[0m [1;30mLevel 1[0m _identify(.) by extensions ['cmake', 'python']
[0.312s] [34mcolcon.colcon_core.package_identification[0m [1;30mLevel 1[0m _identify(.) by extension 'cmake'
[0.312s] [34mcolcon.colcon_core.package_identification[0m [1;30mLevel 1[0m _identify(.) by extension 'python'
[0.312s] [34mcolcon.colcon_core.package_identification[0m [1;30mLevel 1[0m _identify(.) by extensions ['python_setup_py']
[0.312s] [34mcolcon.colcon_core.package_identification[0m [1;30mLevel 1[0m _identify(.) by extension 'python_setup_py'
[0.312s] [34mcolcon.colcon_core.package_identification[0m [1;30mLevel 1[0m _identify(build) by extensions ['ignore', 'ignore_ament_install']
[0.312s] [34mcolcon.colcon_core.package_identification[0m [1;30mLevel 1[0m _identify(build) by extension 'ignore'
[0.313s] [34mcolcon.colcon_core.package_identification[0m [1;30mLevel 1[0m _identify(build) ignored
[0.313s] [34mcolcon.colcon_core.package_identification[0m [1;30mLevel 1[0m _identify(install) by extensions ['ignore', 'ignore_ament_install']
[0.313s] [34mcolcon.colcon_core.package_identification[0m [1;30mLevel 1[0m _identify(install) by extension 'ignore'
[0.313s] [34mcolcon.colcon_core.package_identification[0m [1;30mLevel 1[0m _identify(install) ignored
[0.313s] [34mcolcon.colcon_core.package_identification[0m [1;30mLevel 1[0m _identify(log) by extensions ['ignore', 'ignore_ament_install']
[0.313s] [34mcolcon.colcon_core.package_identification[0m [1;30mLevel 1[0m _identify(log) by extension 'ignore'
[0.313s] [34mcolcon.colcon_core.package_identification[0m [1;30mLevel 1[0m _identify(log) ignored
[0.313s] [34mcolcon.colcon_core.package_identification[0m [1;30mLevel 1[0m _identify(src) by extensions ['ignore', 'ignore_ament_install']
[0.313s] [34mcolcon.colcon_core.package_identification[0m [1;30mLevel 1[0m _identify(src) by extension 'ignore'
[0.313s] [34mcolcon.colcon_core.package_identification[0m [1;30mLevel 1[0m _identify(src) by extension 'ignore_ament_install'
[0.313s] [34mcolcon.colcon_core.package_identification[0m [1;30mLevel 1[0m _identify(src) by extensions ['colcon_pkg']
[0.313s] [34mcolcon.colcon_core.package_identification[0m [1;30mLevel 1[0m _identify(src) by extension 'colcon_pkg'
[0.313s] [34mcolcon.colcon_core.package_identification[0m [1;30mLevel 1[0m _identify(src) by extensions ['colcon_meta']
[0.313s] [34mcolcon.colcon_core.package_identification[0m [1;30mLevel 1[0m _identify(src) by extension 'colcon_meta'
[0.313s] [34mcolcon.colcon_core.package_identification[0m [1;30mLevel 1[0m _identify(src) by extensions ['ros']
[0.314s] [34mcolcon.colcon_core.package_identification[0m [1;30mLevel 1[0m _identify(src) by extension 'ros'
[0.314s] [34mcolcon.colcon_core.package_identification[0m [1;30mLevel 1[0m _identify(src) by extensions ['cmake', 'python']
[0.314s] [34mcolcon.colcon_core.package_identification[0m [1;30mLevel 1[0m _identify(src) by extension 'cmake'
[0.314s] [34mcolcon.colcon_core.package_identification[0m [1;30mLevel 1[0m _identify(src) by extension 'python'
[0.314s] [34mcolcon.colcon_core.package_identification[0m [1;30mLevel 1[0m _identify(src) by extensions ['python_setup_py']
[0.314s] [34mcolcon.colcon_core.package_identification[0m [1;30mLevel 1[0m _identify(src) by extension 'python_setup_py'
[0.314s] [34mcolcon.colcon_core.package_identification[0m [1;30mLevel 1[0m _identify(src/build) by extensions ['ignore', 'ignore_ament_install']
[0.314s] [34mcolcon.colcon_core.package_identification[0m [1;30mLevel 1[0m _identify(src/build) by extension 'ignore'
[0.314s] [34mcolcon.colcon_core.package_identification[0m [1;30mLevel 1[0m _identify(src/build) ignored
[0.314s] [34mcolcon.colcon_core.package_identification[0m [1;30mLevel 1[0m _identify(src/image_publisher) by extensions ['ignore', 'ignore_ament_install']
[0.314s] [34mcolcon.colcon_core.package_identification[0m [1;30mLevel 1[0m _identify(src/image_publisher) by extension 'ignore'
[0.314s] [34mcolcon.colcon_core.package_identification[0m [1;30mLevel 1[0m _identify(src/image_publisher) by extension 'ignore_ament_install'
[0.314s] [34mcolcon.colcon_core.package_identification[0m [1;30mLevel 1[0m _identify(src/image_publisher) by extensions ['colcon_pkg']
[0.314s] [34mcolcon.colcon_core.package_identification[0m [1;30mLevel 1[0m _identify(src/image_publisher) by extension 'colcon_pkg'
[0.314s] [34mcolcon.colcon_core.package_identification[0m [1;30mLevel 1[0m _identify(src/image_publisher) by extensions ['colcon_meta']
[0.314s] [34mcolcon.colcon_core.package_identification[0m [1;30mLevel 1[0m _identify(src/image_publisher) by extension 'colcon_meta'
[0.315s] [34mcolcon.colcon_core.package_identification[0m [1;30mLevel 1[0m _identify(src/image_publisher) by extensions ['ros']
[0.315s] [34mcolcon.colcon_core.package_identification[0m [1;30mLevel 1[0m _identify(src/image_publisher) by extension 'ros'
[0.317s] [34mcolcon.colcon_core.package_identification[0m [1;30mDEBUG[0m [32mPackage 'src/image_publisher' with type 'ros.ament_python' and name 'image_publisher'[0m
[0.317s] [34mcolcon.colcon_core.package_identification[0m [1;30mLevel 1[0m _identify(src/install) by extensions ['ignore', 'ignore_ament_install']
[0.317s] [34mcolcon.colcon_core.package_identification[0m [1;30mLevel 1[0m _identify(src/install) by extension 'ignore'
[0.317s] [34mcolcon.colcon_core.package_identification[0m [1;30mLevel 1[0m _identify(src/install) ignored
[0.317s] [34mcolcon.colcon_core.package_identification[0m [1;30mLevel 1[0m _identify(src/log) by extensions ['ignore', 'ignore_ament_install']
[0.317s] [34mcolcon.colcon_core.package_identification[0m [1;30mLevel 1[0m _identify(src/log) by extension 'ignore'
[0.317s] [34mcolcon.colcon_core.package_identification[0m [1;30mLevel 1[0m _identify(src/log) ignored
[0.317s] [34mcolcon.colcon_core.package_discovery[0m [1;30mLevel 1[0m discover_packages(recursive) using defaults
[0.317s] [34mcolcon.colcon_core.package_discovery[0m [1;30mLevel 1[0m discover_packages(ignore) discover
[0.317s] [34mcolcon.colcon_core.package_discovery[0m [1;30mLevel 1[0m discover_packages(ignore) using defaults
[0.317s] [34mcolcon.colcon_core.package_discovery[0m [1;30mLevel 1[0m discover_packages(path) discover
[0.318s] [34mcolcon.colcon_core.package_discovery[0m [1;30mLevel 1[0m discover_packages(path) using defaults
[0.334s] [34mcolcon.colcon_core.verb[0m [1;30mLevel 5[0m set package 'image_publisher' build argument 'cmake_args' from command line to 'None'
[0.334s] [34mcolcon.colcon_core.verb[0m [1;30mLevel 5[0m set package 'image_publisher' build argument 'cmake_target' from command line to 'None'
[0.334s] [34mcolcon.colcon_core.verb[0m [1;30mLevel 5[0m set package 'image_publisher' build argument 'cmake_target_skip_unavailable' from command line to 'False'
[0.334s] [34mcolcon.colcon_core.verb[0m [1;30mLevel 5[0m set package 'image_publisher' build argument 'cmake_clean_cache' from command line to 'False'
[0.334s] [34mcolcon.colcon_core.verb[0m [1;30mLevel 5[0m set package 'image_publisher' build argument 'cmake_clean_first' from command line to 'False'
[0.334s] [34mcolcon.colcon_core.verb[0m [1;30mLevel 5[0m set package 'image_publisher' build argument 'cmake_force_configure' from command line to 'False'
[0.334s] [34mcolcon.colcon_core.verb[0m [1;30mLevel 5[0m set package 'image_publisher' build argument 'ament_cmake_args' from command line to 'None'
[0.334s] [34mcolcon.colcon_core.verb[0m [1;30mLevel 5[0m set package 'image_publisher' build argument 'catkin_cmake_args' from command line to 'None'
[0.334s] [34mcolcon.colcon_core.verb[0m [1;30mLevel 5[0m set package 'image_publisher' build argument 'catkin_skip_building_tests' from command line to 'False'
[0.334s] [34mcolcon.colcon_core.verb[0m [1;30mDEBUG[0m [32mBuilding package 'image_publisher' with the following arguments: {'ament_cmake_args': None, 'build_base': '/home/junchuan/nerf/street_gaussians/nodes/build/image_publisher', 'catkin_cmake_args': None, 'catkin_skip_building_tests': False, 'cmake_args': None, 'cmake_clean_cache': False, 'cmake_clean_first': False, 'cmake_force_configure': False, 'cmake_target': None, 'cmake_target_skip_unavailable': False, 'install_base': '/home/junchuan/nerf/street_gaussians/nodes/install/image_publisher', 'merge_install': False, 'path': '/home/junchuan/nerf/street_gaussians/nodes/src/image_publisher', 'symlink_install': False, 'test_result_base': None}[0m
[0.334s] [34mcolcon.colcon_core.executor[0m [1;30mINFO[0m Executing jobs using 'parallel' executor
[0.335s] [34mcolcon.colcon_parallel_executor.executor.parallel[0m [1;30mDEBUG[0m [32mrun_until_complete[0m
[0.335s] [34mcolcon.colcon_ros.task.ament_python.build[0m [1;30mINFO[0m Building ROS package in '/home/junchuan/nerf/street_gaussians/nodes/src/image_publisher' with build type 'ament_python'
[0.335s] [34mcolcon.colcon_core.shell[0m [1;30mLevel 1[0m create_environment_hook('image_publisher', 'ament_prefix_path')
[0.337s] [34mcolcon.colcon_core.plugin_system[0m [1;30mINFO[0m Skipping extension 'colcon_core.shell.bat': Not used on non-Windows systems
[0.337s] [34mcolcon.colcon_core.shell[0m [1;30mINFO[0m Creating environment hook '/home/junchuan/nerf/street_gaussians/nodes/install/image_publisher/share/image_publisher/hook/ament_prefix_path.ps1'
[0.338s] [34mcolcon.colcon_core.shell[0m [1;30mINFO[0m Creating environment descriptor '/home/junchuan/nerf/street_gaussians/nodes/install/image_publisher/share/image_publisher/hook/ament_prefix_path.dsv'
[0.339s] [34mcolcon.colcon_core.shell[0m [1;30mINFO[0m Creating environment hook '/home/junchuan/nerf/street_gaussians/nodes/install/image_publisher/share/image_publisher/hook/ament_prefix_path.sh'
[0.339s] [34mcolcon.colcon_core.shell[0m [1;30mINFO[0m Skip shell extension 'powershell' for command environment: Not usable outside of PowerShell
[0.339s] [34mcolcon.colcon_core.shell[0m [1;30mDEBUG[0m [32mSkip shell extension 'dsv' for command environment[0m
[0.580s] [34mcolcon.colcon_core.task.python.build[0m [1;30mINFO[0m Building Python package in '/home/junchuan/nerf/street_gaussians/nodes/src/image_publisher'
[0.580s] [34mcolcon.colcon_core.shell[0m [1;30mINFO[0m Skip shell extension 'powershell' for command environment: Not usable outside of PowerShell
[0.580s] [34mcolcon.colcon_core.shell[0m [1;30mDEBUG[0m [32mSkip shell extension 'dsv' for command environment[0m
[0.890s] [34mcolcon.colcon_parallel_executor.executor.parallel[0m [1;30mDEBUG[0m [32mclosing loop[0m
[0.891s] [34mcolcon.colcon_parallel_executor.executor.parallel[0m [1;30mDEBUG[0m [32mloop closed[0m
[0.891s] [34mcolcon.colcon_parallel_executor.executor.parallel[0m [1;30mDEBUG[0m [32mrun_until_complete finished with 'Expected ['/home/junchuan/miniconda3/envs/street-gaussian-ros/bin/python3.11', '-W', 'ignore:setup.py install is deprecated', 'setup.py', '--help-commands'] to pass: Traceback (most recent call last):
  File "/home/junchuan/nerf/street_gaussians/nodes/src/image_publisher/setup.py", line 5, in <module>
    setup(
  File "/home/junchuan/miniconda3/envs/street-gaussian-ros/lib/python3.11/site-packages/setuptools/__init__.py", line 145, in setup
    return distutils.core.setup(**attrs)
           ^^^^^^^^^^^^^^^^^^^^^^^^^^^^^
  File "/home/junchuan/miniconda3/envs/street-gaussian-ros/lib/python3.11/distutils/core.py", line 134, in setup
    ok = dist.parse_command_line()
         ^^^^^^^^^^^^^^^^^^^^^^^^^
  File "/home/junchuan/miniconda3/envs/street-gaussian-ros/lib/python3.11/site-packages/setuptools/dist.py", line 707, in parse_command_line
    result = _Distribution.parse_command_line(self)
             ^^^^^^^^^^^^^^^^^^^^^^^^^^^^^^^^^^^^^^
  File "/home/junchuan/miniconda3/envs/street-gaussian-ros/lib/python3.11/distutils/dist.py", line 480, in parse_command_line
    if self.handle_display_options(option_order):
       ^^^^^^^^^^^^^^^^^^^^^^^^^^^^^^^^^^^^^^^^^
  File "/home/junchuan/miniconda3/envs/street-gaussian-ros/lib/python3.11/site-packages/setuptools/dist.py", line 1092, in handle_display_options
    return _Distribution.handle_display_options(self, option_order)
           ^^^^^^^^^^^^^^^^^^^^^^^^^^^^^^^^^^^^^^^^^^^^^^^^^^^^^^^^
  File "/home/junchuan/miniconda3/envs/street-gaussian-ros/lib/python3.11/distutils/dist.py", line 683, in handle_display_options
    self.print_commands()
  File "/home/junchuan/miniconda3/envs/street-gaussian-ros/lib/python3.11/site-packages/setuptools/dist.py", line 843, in print_commands
    cmdclass = ep.resolve()
               ^^^^^^^^^^^^
  File "/home/junchuan/miniconda3/envs/street-gaussian-ros/lib/python3.11/site-packages/pkg_resources/__init__.py", line 2450, in resolve
    module = __import__(self.module_name, fromlist=['__name__'], level=0)
             ^^^^^^^^^^^^^^^^^^^^^^^^^^^^^^^^^^^^^^^^^^^^^^^^^^^^^^^^^^^^
  File "/home/junchuan/miniconda3/envs/street-gaussian-ros/lib/python3.11/site-packages/setuptools/command/bdist_wininst.py", line 1, in <module>
    import distutils.command.bdist_wininst as orig
ModuleNotFoundError: No module named 'distutils.command.bdist_wininst'
'[0m
[0.891s] [34mcolcon.colcon_core.event_reactor[0m [1;30mDEBUG[0m [32mjoining thread[0m
[0.891s] [34mcolcon.colcon_core.event_reactor[0m [1;30mDEBUG[0m [32mjoined thread[0m
[0.892s] [34mcolcon.colcon_core.shell[0m [1;30mINFO[0m Creating prefix script '/home/junchuan/nerf/street_gaussians/nodes/install/local_setup.ps1'
[0.894s] [34mcolcon.colcon_core.shell[0m [1;30mINFO[0m Creating prefix util module '/home/junchuan/nerf/street_gaussians/nodes/install/_local_setup_util_ps1.py'
[0.896s] [34mcolcon.colcon_core.shell[0m [1;30mINFO[0m Creating prefix chain script '/home/junchuan/nerf/street_gaussians/nodes/install/setup.ps1'
[0.898s] [34mcolcon.colcon_core.shell[0m [1;30mINFO[0m Creating prefix script '/home/junchuan/nerf/street_gaussians/nodes/install/local_setup.sh'
[0.899s] [34mcolcon.colcon_core.shell[0m [1;30mINFO[0m Creating prefix util module '/home/junchuan/nerf/street_gaussians/nodes/install/_local_setup_util_sh.py'
[0.900s] [34mcolcon.colcon_core.shell[0m [1;30mINFO[0m Creating prefix chain script '/home/junchuan/nerf/street_gaussians/nodes/install/setup.sh'
[0.902s] [34mcolcon.colcon_core.shell[0m [1;30mINFO[0m Creating prefix script '/home/junchuan/nerf/street_gaussians/nodes/install/local_setup.bash'
[0.903s] [34mcolcon.colcon_core.shell[0m [1;30mINFO[0m Creating prefix chain script '/home/junchuan/nerf/street_gaussians/nodes/install/setup.bash'
[0.905s] [34mcolcon.colcon_core.shell[0m [1;30mINFO[0m Creating prefix script '/home/junchuan/nerf/street_gaussians/nodes/install/local_setup.zsh'
[0.906s] [34mcolcon.colcon_core.shell[0m [1;30mINFO[0m Creating prefix chain script '/home/junchuan/nerf/street_gaussians/nodes/install/setup.zsh'
