running egg_info
creating ../../build/image_publisher/image_publisher.egg-info
writing ../../build/image_publisher/image_publisher.egg-info/PKG-INFO
writing dependency_links to ../../build/image_publisher/image_publisher.egg-info/dependency_links.txt
writing entry points to ../../build/image_publisher/image_publisher.egg-info/entry_points.txt
writing requirements to ../../build/image_publisher/image_publisher.egg-info/requires.txt
writing top-level names to ../../build/image_publisher/image_publisher.egg-info/top_level.txt
writing manifest file '../../build/image_publisher/image_publisher.egg-info/SOURCES.txt'
reading manifest file '../../build/image_publisher/image_publisher.egg-info/SOURCES.txt'
adding license file 'LICENSE'
writing manifest file '../../build/image_publisher/image_publisher.egg-info/SOURCES.txt'
running build
running build_py
creating /home/junchuan/nerf/street_gaussians/nodes/build/image_publisher/build
creating /home/junchuan/nerf/street_gaussians/nodes/build/image_publisher/build/lib
creating /home/junchuan/nerf/street_gaussians/nodes/build/image_publisher/build/lib/image_publisher
copying image_publisher/image_publisher.py -> /home/junchuan/nerf/street_gaussians/nodes/build/image_publisher/build/lib/image_publisher
copying image_publisher/__init__.py -> /home/junchuan/nerf/street_gaussians/nodes/build/image_publisher/build/lib/image_publisher
running install
running install_lib
creating /home/junchuan/nerf/street_gaussians/nodes/install/image_publisher/lib/python3.11/site-packages/image_publisher
copying /home/junchuan/nerf/street_gaussians/nodes/build/image_publisher/build/lib/image_publisher/image_publisher.py -> /home/junchuan/nerf/street_gaussians/nodes/install/image_publisher/lib/python3.11/site-packages/image_publisher
copying /home/junchuan/nerf/street_gaussians/nodes/build/image_publisher/build/lib/image_publisher/__init__.py -> /home/junchuan/nerf/street_gaussians/nodes/install/image_publisher/lib/python3.11/site-packages/image_publisher
byte-compiling /home/junchuan/nerf/street_gaussians/nodes/install/image_publisher/lib/python3.11/site-packages/image_publisher/image_publisher.py to image_publisher.cpython-311.pyc
byte-compiling /home/junchuan/nerf/street_gaussians/nodes/install/image_publisher/lib/python3.11/site-packages/image_publisher/__init__.py to __init__.cpython-311.pyc
running install_data
creating /home/junchuan/nerf/street_gaussians/nodes/install/image_publisher/share/ament_index
creating /home/junchuan/nerf/street_gaussians/nodes/install/image_publisher/share/ament_index/resource_index
creating /home/junchuan/nerf/street_gaussians/nodes/install/image_publisher/share/ament_index/resource_index/packages
copying resource/image_publisher -> /home/junchuan/nerf/street_gaussians/nodes/install/image_publisher/share/ament_index/resource_index/packages
copying package.xml -> /home/junchuan/nerf/street_gaussians/nodes/install/image_publisher/share/image_publisher
running install_egg_info
Copying ../../build/image_publisher/image_publisher.egg-info to /home/junchuan/nerf/street_gaussians/nodes/install/image_publisher/lib/python3.11/site-packages/image_publisher-0.0.0-py3.11.egg-info
running install_scripts
Installing image_publisher script to /home/junchuan/nerf/street_gaussians/nodes/install/image_publisher/lib/image_publisher
writing list of installed files to '/home/junchuan/nerf/street_gaussians/nodes/build/image_publisher/install.log'
