[0.691s] Invoking command in '/home/junchuan/nerf/street_gaussians/nodes/src/image_publisher': CONDA_PROMPT_MODIFIER=(street-gaussian-ros) PYTHONPATH=/home/junchuan/nerf/street_gaussians/nodes/build/image_publisher/prefix_override:/home/junchuan/miniconda3/envs/street-gaussian-ros/lib/python3.11/site-packages/colcon_core/task/python/colcon_distutils_commands:/home/junchuan/nerf/street_gaussians/nodes/install/image_publisher/lib/python3.11/site-packages:${PYTHONPATH} /home/junchuan/miniconda3/envs/street-gaussian-ros/bin/python3.11 -W ignore:setup.py install is deprecated setup.py egg_info --egg-base ../../build/image_publisher build --build-base /home/junchuan/nerf/street_gaussians/nodes/build/image_publisher/build install --record /home/junchuan/nerf/street_gaussians/nodes/build/image_publisher/install.log --single-version-externally-managed install_data
[0.961s] running egg_info
[0.962s] creating ../../build/image_publisher/image_publisher.egg-info
[0.962s] writing ../../build/image_publisher/image_publisher.egg-info/PKG-INFO
[0.962s] writing dependency_links to ../../build/image_publisher/image_publisher.egg-info/dependency_links.txt
[0.962s] writing entry points to ../../build/image_publisher/image_publisher.egg-info/entry_points.txt
[0.962s] writing requirements to ../../build/image_publisher/image_publisher.egg-info/requires.txt
[0.962s] writing top-level names to ../../build/image_publisher/image_publisher.egg-info/top_level.txt
[0.963s] writing manifest file '../../build/image_publisher/image_publisher.egg-info/SOURCES.txt'
[0.964s] reading manifest file '../../build/image_publisher/image_publisher.egg-info/SOURCES.txt'
[0.965s] adding license file 'LICENSE'
[0.965s] writing manifest file '../../build/image_publisher/image_publisher.egg-info/SOURCES.txt'
[0.966s] running build
[0.966s] running build_py
[0.966s] creating /home/junchuan/nerf/street_gaussians/nodes/build/image_publisher/build
[0.966s] creating /home/junchuan/nerf/street_gaussians/nodes/build/image_publisher/build/lib
[0.966s] creating /home/junchuan/nerf/street_gaussians/nodes/build/image_publisher/build/lib/image_publisher
[0.967s] copying image_publisher/image_publisher.py -> /home/junchuan/nerf/street_gaussians/nodes/build/image_publisher/build/lib/image_publisher
[0.967s] copying image_publisher/__init__.py -> /home/junchuan/nerf/street_gaussians/nodes/build/image_publisher/build/lib/image_publisher
[0.967s] running install
[0.967s] running install_lib
[0.967s] creating /home/junchuan/nerf/street_gaussians/nodes/install/image_publisher/lib/python3.11/site-packages/image_publisher
[0.967s] copying /home/junchuan/nerf/street_gaussians/nodes/build/image_publisher/build/lib/image_publisher/image_publisher.py -> /home/junchuan/nerf/street_gaussians/nodes/install/image_publisher/lib/python3.11/site-packages/image_publisher
[0.967s] copying /home/junchuan/nerf/street_gaussians/nodes/build/image_publisher/build/lib/image_publisher/__init__.py -> /home/junchuan/nerf/street_gaussians/nodes/install/image_publisher/lib/python3.11/site-packages/image_publisher
[0.968s] byte-compiling /home/junchuan/nerf/street_gaussians/nodes/install/image_publisher/lib/python3.11/site-packages/image_publisher/image_publisher.py to image_publisher.cpython-311.pyc
[0.969s] byte-compiling /home/junchuan/nerf/street_gaussians/nodes/install/image_publisher/lib/python3.11/site-packages/image_publisher/__init__.py to __init__.cpython-311.pyc
[0.969s] running install_data
[0.969s] creating /home/junchuan/nerf/street_gaussians/nodes/install/image_publisher/share/ament_index
[0.969s] creating /home/junchuan/nerf/street_gaussians/nodes/install/image_publisher/share/ament_index/resource_index
[0.969s] creating /home/junchuan/nerf/street_gaussians/nodes/install/image_publisher/share/ament_index/resource_index/packages
[0.969s] copying resource/image_publisher -> /home/junchuan/nerf/street_gaussians/nodes/install/image_publisher/share/ament_index/resource_index/packages
[0.969s] copying package.xml -> /home/junchuan/nerf/street_gaussians/nodes/install/image_publisher/share/image_publisher
[0.969s] running install_egg_info
[0.971s] Copying ../../build/image_publisher/image_publisher.egg-info to /home/junchuan/nerf/street_gaussians/nodes/install/image_publisher/lib/python3.11/site-packages/image_publisher-0.0.0-py3.11.egg-info
[0.973s] running install_scripts
[0.993s] Installing image_publisher script to /home/junchuan/nerf/street_gaussians/nodes/install/image_publisher/lib/image_publisher
[0.994s] writing list of installed files to '/home/junchuan/nerf/street_gaussians/nodes/build/image_publisher/install.log'
[1.020s] Invoked command in '/home/junchuan/nerf/street_gaussians/nodes/src/image_publisher' returned '0': CONDA_PROMPT_MODIFIER=(street-gaussian-ros) PYTHONPATH=/home/junchuan/nerf/street_gaussians/nodes/build/image_publisher/prefix_override:/home/junchuan/miniconda3/envs/street-gaussian-ros/lib/python3.11/site-packages/colcon_core/task/python/colcon_distutils_commands:/home/junchuan/nerf/street_gaussians/nodes/install/image_publisher/lib/python3.11/site-packages:${PYTHONPATH} /home/junchuan/miniconda3/envs/street-gaussian-ros/bin/python3.11 -W ignore:setup.py install is deprecated setup.py egg_info --egg-base ../../build/image_publisher build --build-base /home/junchuan/nerf/street_gaussians/nodes/build/image_publisher/build install --record /home/junchuan/nerf/street_gaussians/nodes/build/image_publisher/install.log --single-version-externally-managed install_data
