[0.673s] Invoking command in '/home/junchuan/nerf/street_gaussians/nodes/src/image_publisher': CONDA_PROMPT_MODIFIER=(street-gaussian-ros) PYTHONPATH=/home/junchuan/nerf/street_gaussians/nodes/build/image_publisher/prefix_override:/home/junchuan/miniconda3/envs/street-gaussian-ros/lib/python3.11/site-packages/colcon_core/task/python/colcon_distutils_commands:/home/junchuan/nerf/street_gaussians/nodes/install/image_publisher/lib/python3.11/site-packages:${PYTHONPATH} /home/junchuan/miniconda3/envs/street-gaussian-ros/bin/python3.11 -W ignore:setup.py install is deprecated setup.py egg_info --egg-base ../../build/image_publisher build --build-base /home/junchuan/nerf/street_gaussians/nodes/build/image_publisher/build install --record /home/junchuan/nerf/street_gaussians/nodes/build/image_publisher/install.log --single-version-externally-managed install_data
[0.921s] running egg_info
[0.921s] writing ../../build/image_publisher/image_publisher.egg-info/PKG-INFO
[0.922s] writing dependency_links to ../../build/image_publisher/image_publisher.egg-info/dependency_links.txt
[0.922s] writing entry points to ../../build/image_publisher/image_publisher.egg-info/entry_points.txt
[0.922s] writing requirements to ../../build/image_publisher/image_publisher.egg-info/requires.txt
[0.922s] writing top-level names to ../../build/image_publisher/image_publisher.egg-info/top_level.txt
[0.924s] reading manifest file '../../build/image_publisher/image_publisher.egg-info/SOURCES.txt'
[0.927s] adding license file 'LICENSE'
[0.928s] writing manifest file '../../build/image_publisher/image_publisher.egg-info/SOURCES.txt'
[0.928s] running build
[0.928s] running build_py
[0.929s] copying image_publisher/image_publisher.py -> /home/junchuan/nerf/street_gaussians/nodes/build/image_publisher/build/lib/image_publisher
[0.929s] running install
[0.929s] running install_lib
[0.929s] copying /home/junchuan/nerf/street_gaussians/nodes/build/image_publisher/build/lib/image_publisher/image_publisher.py -> /home/junchuan/nerf/street_gaussians/nodes/install/image_publisher/lib/python3.11/site-packages/image_publisher
[0.930s] byte-compiling /home/junchuan/nerf/street_gaussians/nodes/install/image_publisher/lib/python3.11/site-packages/image_publisher/image_publisher.py to image_publisher.cpython-311.pyc
[0.931s] running install_data
[0.931s] running install_egg_info
[0.933s] removing '/home/junchuan/nerf/street_gaussians/nodes/install/image_publisher/lib/python3.11/site-packages/image_publisher-0.0.0-py3.11.egg-info' (and everything under it)
[0.933s] Copying ../../build/image_publisher/image_publisher.egg-info to /home/junchuan/nerf/street_gaussians/nodes/install/image_publisher/lib/python3.11/site-packages/image_publisher-0.0.0-py3.11.egg-info
[0.935s] running install_scripts
[0.953s] Installing image_publisher script to /home/junchuan/nerf/street_gaussians/nodes/install/image_publisher/lib/image_publisher
[0.953s] writing list of installed files to '/home/junchuan/nerf/street_gaussians/nodes/build/image_publisher/install.log'
[0.976s] Invoked command in '/home/junchuan/nerf/street_gaussians/nodes/src/image_publisher' returned '0': CONDA_PROMPT_MODIFIER=(street-gaussian-ros) PYTHONPATH=/home/junchuan/nerf/street_gaussians/nodes/build/image_publisher/prefix_override:/home/junchuan/miniconda3/envs/street-gaussian-ros/lib/python3.11/site-packages/colcon_core/task/python/colcon_distutils_commands:/home/junchuan/nerf/street_gaussians/nodes/install/image_publisher/lib/python3.11/site-packages:${PYTHONPATH} /home/junchuan/miniconda3/envs/street-gaussian-ros/bin/python3.11 -W ignore:setup.py install is deprecated setup.py egg_info --egg-base ../../build/image_publisher build --build-base /home/junchuan/nerf/street_gaussians/nodes/build/image_publisher/build install --record /home/junchuan/nerf/street_gaussians/nodes/build/image_publisher/install.log --single-version-externally-managed install_data
